<?xml version="1.0" encoding="UTF-8"?>
<coverage generated="1617202278232" clover="3.2.0">
  <project timestamp="1617202278232" name="All files">
    <metrics statements="25" coveredstatements="20" conditionals="12" coveredconditionals="12" methods="8" coveredmethods="5" elements="45" coveredelements="37" complexity="0" loc="25" ncloc="25" packages="1" files="2" classes="2"/>
    <file name="Game.jsx" path="C:\Users\enesy\Desktop\odev\odev04\src\Game.jsx">
      <metrics statements="22" coveredstatements="20" conditionals="12" coveredconditionals="12" methods="7" coveredmethods="5"/>
      <line num="6" count="4" type="stmt"/>
      <line num="7" count="4" type="stmt"/>
      <line num="17" count="4" type="stmt"/>
      <line num="18" count="6" type="stmt"/>
      <line num="20" count="6" type="cond" truecount="2" falsecount="0"/>
      <line num="21" count="5" type="stmt"/>
      <line num="24" count="5" type="cond" truecount="2" falsecount="0"/>
      <line num="25" count="1" type="stmt"/>
      <line num="26" count="1" type="stmt"/>
      <line num="28" count="4" type="stmt"/>
      <line num="29" count="4" type="cond" truecount="2" falsecount="0"/>
      <line num="30" count="1" type="stmt"/>
      <line num="33" count="5" type="stmt"/>
      <line num="39" count="5" type="cond" truecount="2" falsecount="0"/>
      <line num="40" count="2" type="stmt"/>
      <line num="48" count="4" type="stmt"/>
      <line num="49" count="0" type="stmt"/>
      <line num="59" count="9" type="stmt"/>
      <line num="60" count="9" type="stmt"/>
      <line num="64" count="4" type="stmt"/>
      <line num="65" count="2" type="stmt"/>
      <line num="66" count="0" type="stmt"/>
    </file>
    <file name="index.jsx" path="C:\Users\enesy\Desktop\odev\odev04\src\index.jsx">
      <metrics statements="3" coveredstatements="0" conditionals="0" coveredconditionals="0" methods="1" coveredmethods="0"/>
      <line num="6" count="0" type="stmt"/>
      <line num="7" count="0" type="stmt"/>
      <line num="11" count="0" type="stmt"/>
    </file>
  </project>
</coverage>
