{"C:\\Users\\enesy\\Desktop\\odev\\odev04\\src\\Game.jsx": {"path":"C:\\Users\\enesy\\Desktop\\odev\\odev04\\src\\Game.jsx","statementMap":{"0":{"start":{"line":6,"column":8},"end":{"line":6,"column":21}},"1":{"start":{"line":7,"column":8},"end":{"line":13,"column":9}},"2":{"start":{"line":17,"column":14},"end":{"line":46,"column":5}},"3":{"start":{"line":18,"column":61},"end":{"line":18,"column":71}},"4":{"start":{"line":20,"column":8},"end":{"line":45,"column":9}},"5":{"start":{"line":21,"column":29},"end":{"line":21,"column":38}},"6":{"start":{"line":24,"column":12},"end":{"line":32,"column":13}},"7":{"start":{"line":25,"column":16},"end":{"line":25,"column":49}},"8":{"start":{"line":26,"column":16},"end":{"line":26,"column":39}},"9":{"start":{"line":28,"column":16},"end":{"line":28,"column":50}},"10":{"start":{"line":29,"column":16},"end":{"line":31,"column":17}},"11":{"start":{"line":30,"column":20},"end":{"line":30,"column":44}},"12":{"start":{"line":33,"column":12},"end":{"line":37,"column":15}},"13":{"start":{"line":39,"column":12},"end":{"line":43,"column":13}},"14":{"start":{"line":40,"column":16},"end":{"line":42,"column":18}},"15":{"start":{"line":48,"column":15},"end":{"line":56,"column":5}},"16":{"start":{"line":49,"column":8},"end":{"line":55,"column":10}},"17":{"start":{"line":59,"column":32},"end":{"line":59,"column":42}},"18":{"start":{"line":60,"column":8},"end":{"line":74,"column":10}},"19":{"start":{"line":64,"column":66},"end":{"line":64,"column":81}},"20":{"start":{"line":65,"column":66},"end":{"line":65,"column":81}},"21":{"start":{"line":66,"column":66},"end":{"line":66,"column":81}}},"fnMap":{"0":{"name":"(anonymous_0)","decl":{"start":{"line":5,"column":4},"end":{"line":5,"column":5}},"loc":{"start":{"line":5,"column":23},"end":{"line":14,"column":5}},"line":5},"1":{"name":"(anonymous_1)","decl":{"start":{"line":17,"column":14},"end":{"line":17,"column":15}},"loc":{"start":{"line":17,"column":25},"end":{"line":46,"column":5}},"line":17},"2":{"name":"(anonymous_2)","decl":{"start":{"line":48,"column":15},"end":{"line":48,"column":16}},"loc":{"start":{"line":48,"column":21},"end":{"line":56,"column":5}},"line":48},"3":{"name":"(anonymous_3)","decl":{"start":{"line":58,"column":4},"end":{"line":58,"column":5}},"loc":{"start":{"line":58,"column":12},"end":{"line":75,"column":5}},"line":58},"4":{"name":"(anonymous_4)","decl":{"start":{"line":64,"column":61},"end":{"line":64,"column":62}},"loc":{"start":{"line":64,"column":65},"end":{"line":64,"column":82}},"line":64},"5":{"name":"(anonymous_5)","decl":{"start":{"line":65,"column":61},"end":{"line":65,"column":62}},"loc":{"start":{"line":65,"column":65},"end":{"line":65,"column":82}},"line":65},"6":{"name":"(anonymous_6)","decl":{"start":{"line":66,"column":61},"end":{"line":66,"column":62}},"loc":{"start":{"line":66,"column":65},"end":{"line":66,"column":82}},"line":66}},"branchMap":{"0":{"loc":{"start":{"line":20,"column":8},"end":{"line":45,"column":9}},"type":"if","locations":[{"start":{"line":20,"column":8},"end":{"line":45,"column":9}},{"start":{"line":20,"column":8},"end":{"line":45,"column":9}}],"line":20},"1":{"loc":{"start":{"line":24,"column":12},"end":{"line":32,"column":13}},"type":"if","locations":[{"start":{"line":24,"column":12},"end":{"line":32,"column":13}},{"start":{"line":24,"column":12},"end":{"line":32,"column":13}}],"line":24},"2":{"loc":{"start":{"line":29,"column":16},"end":{"line":31,"column":17}},"type":"if","locations":[{"start":{"line":29,"column":16},"end":{"line":31,"column":17}},{"start":{"line":29,"column":16},"end":{"line":31,"column":17}}],"line":29},"3":{"loc":{"start":{"line":39,"column":12},"end":{"line":43,"column":13}},"type":"if","locations":[{"start":{"line":39,"column":12},"end":{"line":43,"column":13}},{"start":{"line":39,"column":12},"end":{"line":43,"column":13}}],"line":39},"4":{"loc":{"start":{"line":68,"column":24},"end":{"line":68,"column":91}},"type":"cond-expr","locations":[{"start":{"line":68,"column":30},"end":{"line":68,"column":35}},{"start":{"line":68,"column":36},"end":{"line":68,"column":91}}],"line":68},"5":{"loc":{"start":{"line":69,"column":21},"end":{"line":71,"column":24}},"type":"binary-expr","locations":[{"start":{"line":69,"column":21},"end":{"line":69,"column":26}},{"start":{"line":69,"column":30},"end":{"line":71,"column":24}}],"line":69}},"s":{"0":4,"1":4,"2":4,"3":6,"4":6,"5":5,"6":5,"7":1,"8":1,"9":4,"10":4,"11":1,"12":5,"13":5,"14":2,"15":4,"16":0,"17":9,"18":9,"19":4,"20":2,"21":0},"f":{"0":4,"1":6,"2":0,"3":9,"4":4,"5":2,"6":0},"b":{"0":[5,1],"1":[1,4],"2":[1,3],"3":[2,3],"4":[2,7],"5":[9,2]},"_coverageSchema":"1a1c01bbd47fc00a2c39e90264f33305004495a9","hash":"04daf62f135f79db4eeacb597dce57b2adfa15d2"}
,"C:\\Users\\enesy\\Desktop\\odev\\odev04\\src\\index.jsx": {"path":"C:\\Users\\enesy\\Desktop\\odev\\odev04\\src\\index.jsx","statementMap":{"0":{"start":{"line":6,"column":19},"end":{"line":10,"column":1}},"1":{"start":{"line":7,"column":4},"end":{"line":9,"column":6}},"2":{"start":{"line":11,"column":0},"end":{"line":11,"column":57}}},"fnMap":{"0":{"name":"(anonymous_0)","decl":{"start":{"line":6,"column":19},"end":{"line":6,"column":20}},"loc":{"start":{"line":6,"column":25},"end":{"line":10,"column":1}},"line":6}},"branchMap":{},"s":{"0":0,"1":0,"2":0},"f":{"0":0},"b":{}}
}
