TN:
SF:src\Game.jsx
FN:5,(anonymous_0)
FN:17,(anonymous_1)
FN:48,(anonymous_2)
FN:58,(anonymous_3)
FN:64,(anonymous_4)
FN:65,(anonymous_5)
FN:66,(anonymous_6)
FNF:7
FNH:5
FNDA:4,(anonymous_0)
FNDA:6,(anonymous_1)
FNDA:0,(anonymous_2)
FNDA:9,(anonymous_3)
FNDA:4,(anonymous_4)
FNDA:2,(anonymous_5)
FNDA:0,(anonymous_6)
DA:6,4
DA:7,4
DA:17,4
DA:18,6
DA:20,6
DA:21,5
DA:24,5
DA:25,1
DA:26,1
DA:28,4
DA:29,4
DA:30,1
DA:33,5
DA:39,5
DA:40,2
DA:48,4
DA:49,0
DA:59,9
DA:60,9
DA:64,4
DA:65,2
DA:66,0
LF:22
LH:20
BRDA:20,0,0,5
BRDA:20,0,1,1
BRDA:24,1,0,1
BRDA:24,1,1,4
BRDA:29,2,0,1
BRDA:29,2,1,3
BRDA:39,3,0,2
BRDA:39,3,1,3
BRDA:68,4,0,2
BRDA:68,4,1,7
BRDA:69,5,0,9
BRDA:69,5,1,2
BRF:12
BRH:12
end_of_record
TN:
SF:src\index.jsx
FN:6,(anonymous_0)
FNF:1
FNH:0
FNDA:0,(anonymous_0)
DA:6,0
DA:7,0
DA:11,0
LF:3
LH:0
BRF:0
BRH:0
end_of_record
